<?xml version="1.0" encoding="UTF-8"?>
<testsuite name="Crear Usuario Nuevo" tests="2" skipped="0" failures="0" errors="0" timestamp="2020-03-24T06:38:09" hostname="SQAT1MDEWIN34" time="79.304">
  <properties/>
  <testcase name="Crear usuario nuevo exitoso" classname="Crear Usuario Nuevo" time="40.703"/>
  <testcase name="Crear usuario existente" classname="Crear Usuario Nuevo" time="38.557"/>
  <system-out><![CDATA[]]></system-out>
  <system-err><![CDATA[Starting ChromeDriver 80.0.3987.106 (f68069574609230cf9b635cd784cfb1bf81bb53a-refs/branch-heads/3987@{#882}) on port 15359
Only local connections are allowed.
Please protect ports used by ChromeDriver and related test frameworks to prevent access by malicious code.
[1585031893.156][WARNING]: Timed out connecting to Chrome, retrying...
mar. 24, 2020 1:38:15 A. M. org.openqa.selenium.remote.ProtocolHandshake createSession
INFO: Detected dialect: W3C
[1585031895.719][SEVERE]: Timed out receiving message from renderer: 0.100
[1585031895.820][SEVERE]: Timed out receiving message from renderer: 0.100
[1585031895.922][SEVERE]: Timed out receiving message from renderer: 0.100
[1585031902.178][SEVERE]: Timed out receiving message from renderer: 0.100
[1585031902.279][SEVERE]: Timed out receiving message from renderer: 0.100
[1585031902.380][SEVERE]: Timed out receiving message from renderer: 0.100
[1585031902.483][SEVERE]: Timed out receiving message from renderer: 0.100
[1585031902.585][SEVERE]: Timed out receiving message from renderer: 0.100
[1585031902.783][SEVERE]: Timed out receiving message from renderer: 0.100
[1585031902.885][SEVERE]: Timed out receiving message from renderer: 0.100
[1585031902.987][SEVERE]: Timed out receiving message from renderer: 0.100
[1585031903.089][SEVERE]: Timed out receiving message from renderer: 0.100
[1585031903.191][SEVERE]: Timed out receiving message from renderer: 0.100
[1585031903.297][SEVERE]: Timed out receiving message from renderer: 0.100
[1585031903.401][SEVERE]: Timed out receiving message from renderer: 0.100
[1585031903.502][SEVERE]: Timed out receiving message from renderer: 0.100
[1585031903.604][SEVERE]: Timed out receiving message from renderer: 0.100
[1585031903.705][SEVERE]: Timed out receiving message from renderer: 0.100
[1585031903.808][SEVERE]: Timed out receiving message from renderer: 0.100
[1585031903.911][SEVERE]: Timed out receiving message from renderer: 0.100
[1585031904.012][SEVERE]: Timed out receiving message from renderer: 0.100
[1585031904.116][SEVERE]: Timed out receiving message from renderer: 0.100
[1585031904.217][SEVERE]: Timed out receiving message from renderer: 0.100
[1585031904.321][SEVERE]: Timed out receiving message from renderer: 0.100
[1585031904.426][SEVERE]: Timed out receiving message from renderer: 0.100
[1585031904.530][SEVERE]: Timed out receiving message from renderer: 0.100
[1585031904.795][SEVERE]: Timed out receiving message from renderer: 0.100
[1585031904.997][SEVERE]: Timed out receiving message from renderer: 0.100
[1585031905.098][SEVERE]: Timed out receiving message from renderer: 0.100
[1585031905.200][SEVERE]: Timed out receiving message from renderer: 0.100
[1585031905.304][SEVERE]: Timed out receiving message from renderer: 0.100
[1585031905.409][SEVERE]: Timed out receiving message from renderer: 0.100
[1585031905.513][SEVERE]: Timed out receiving message from renderer: 0.100
[1585031905.617][SEVERE]: Timed out receiving message from renderer: 0.100
[1585031905.720][SEVERE]: Timed out receiving message from renderer: 0.100
[1585031905.825][SEVERE]: Timed out receiving message from renderer: 0.100
[1585031905.929][SEVERE]: Timed out receiving message from renderer: 0.100
[1585031906.033][SEVERE]: Timed out receiving message from renderer: 0.100
[1585031906.134][SEVERE]: Timed out receiving message from renderer: 0.100
[1585031906.236][SEVERE]: Timed out receiving message from renderer: 0.100
[1585031906.340][SEVERE]: Timed out receiving message from renderer: 0.100
[Test worker] INFO net.thucydides.core.steps.ConsoleLoggingListener - 
        __    _____ _____ ____ _____   ____   _    ____  ____  _____ ____  
  _     \ \  |_   _| ____/ ___|_   _| |  _ \ / \  / ___|/ ___|| ____|  _ \ 
 (_)_____| |   | | |  _| \___ \ | |   | |_) / _ \ \___ \\___ \|  _| | | | |
  _|_____| |   | | | |___ ___) || |   |  __/ ___ \ ___) |___) | |___| |_| |
 (_)     | |   |_| |_____|____/ |_|   |_| /_/   \_\____/|____/|_____|____/ 
        /_/                                                                

TEST PASSED: Crear usuario nuevo exitoso
----------------------------------------------------------------------------
Starting ChromeDriver 80.0.3987.106 (f68069574609230cf9b635cd784cfb1bf81bb53a-refs/branch-heads/3987@{#882}) on port 17966
Only local connections are allowed.
Please protect ports used by ChromeDriver and related test frameworks to prevent access by malicious code.
[1585031934.123][WARNING]: Timed out connecting to Chrome, retrying...
mar. 24, 2020 1:38:56 A. M. org.openqa.selenium.remote.ProtocolHandshake createSession
INFO: Detected dialect: W3C
[1585031936.579][SEVERE]: Timed out receiving message from renderer: 0.100
[1585031936.687][SEVERE]: Timed out receiving message from renderer: 0.100
[Test worker] INFO net.thucydides.core.steps.ConsoleLoggingListener - 
        __    _____ _____ ____ _____   ____   _    ____  ____  _____ ____  
  _     \ \  |_   _| ____/ ___|_   _| |  _ \ / \  / ___|/ ___|| ____|  _ \ 
 (_)_____| |   | | |  _| \___ \ | |   | |_) / _ \ \___ \\___ \|  _| | | | |
  _|_____| |   | | | |___ ___) || |   |  __/ ___ \ ___) |___) | |___| |_| |
 (_)     | |   |_| |_____|____/ |_|   |_| /_/   \_\____/|____/|_____|____/ 
        /_/                                                                

TEST PASSED: Crear usuario existente
----------------------------------------------------------------------------
]]></system-err>
</testsuite>
